2024-02-18T21:46:06.953-05:00  INFO 24148 --- [main] c.c.s.SpringbootJpaApplication           : Starting SpringbootJpaApplication using Java 21.0.1 with PID 24148 (C:\Users\chada\Downloads\Tutorials\JAVA Tutorials\SpringbootJPA\target\classes started by ChennaKesavaReddy in C:\Users\chada\Downloads\Tutorials\JAVA Tutorials\SpringbootJPA)
2024-02-18T21:46:06.961-05:00  INFO 24148 --- [main] c.c.s.SpringbootJpaApplication           : No active profile set, falling back to 1 default profile: "default"
2024-02-18T21:46:07.614-05:00  INFO 24148 --- [main] .s.d.r.c.RepositoryConfigurationDelegate : Bootstrapping Spring Data JPA repositories in DEFAULT mode.
2024-02-18T21:46:07.669-05:00  INFO 24148 --- [main] .s.d.r.c.RepositoryConfigurationDelegate : Finished Spring Data repository scanning in 48 ms. Found 1 JPA repository interfaces.
2024-02-18T21:46:08.359-05:00  INFO 24148 --- [main] o.s.b.w.embedded.tomcat.TomcatWebServer  : Tomcat initialized with port(s): 8080 (http)
2024-02-18T21:46:08.369-05:00  INFO 24148 --- [main] o.apache.catalina.core.StandardService   : Starting service [Tomcat]
2024-02-18T21:46:08.370-05:00  INFO 24148 --- [main] o.apache.catalina.core.StandardEngine    : Starting Servlet engine: [Apache Tomcat/10.1.15]
2024-02-18T21:46:08.604-05:00  INFO 24148 --- [main] org.apache.jasper.servlet.TldScanner     : At least one JAR was scanned for TLDs yet contained no TLDs. Enable debug logging for this logger for a complete list of JARs that were scanned but no TLDs were found in them. Skipping unneeded JARs during scanning can improve startup time and JSP compilation time.
2024-02-18T21:46:08.609-05:00  INFO 24148 --- [main] o.a.c.c.C.[Tomcat].[localhost].[/]       : Initializing Spring embedded WebApplicationContext
2024-02-18T21:46:08.610-05:00  INFO 24148 --- [main] w.s.c.ServletWebServerApplicationContext : Root WebApplicationContext: initialization completed in 1595 ms
2024-02-18T21:46:08.745-05:00  INFO 24148 --- [main] com.zaxxer.hikari.HikariDataSource       : HikariPool-1 - Starting...
2024-02-18T21:46:08.972-05:00  INFO 24148 --- [main] com.zaxxer.hikari.pool.HikariPool        : HikariPool-1 - Added connection org.postgresql.jdbc.PgConnection@634ca3e7
2024-02-18T21:46:08.974-05:00  INFO 24148 --- [main] com.zaxxer.hikari.HikariDataSource       : HikariPool-1 - Start completed.
2024-02-18T21:46:09.037-05:00  INFO 24148 --- [main] o.hibernate.jpa.internal.util.LogHelper  : HHH000204: Processing PersistenceUnitInfo [name: default]
2024-02-18T21:46:09.124-05:00  INFO 24148 --- [main] org.hibernate.Version                    : HHH000412: Hibernate ORM core version 6.2.13.Final
2024-02-18T21:46:09.127-05:00  INFO 24148 --- [main] org.hibernate.cfg.Environment            : HHH000406: Using bytecode reflection optimizer
2024-02-18T21:46:09.841-05:00  INFO 24148 --- [main] o.s.o.j.p.SpringPersistenceUnitInfo      : No LoadTimeWeaver setup: ignoring JPA class transformer
2024-02-18T21:46:10.219-05:00  WARN 24148 --- [main] org.hibernate.orm.deprecation            : HHH90000025: PostgreSQLDialect does not need to be specified explicitly using 'hibernate.dialect' (remove the property setting and it will be selected by default)
2024-02-18T21:46:12.187-05:00  INFO 24148 --- [main] o.h.e.t.j.p.i.JtaPlatformInitiator       : HHH000489: No JTA platform available (set 'hibernate.transaction.jta.platform' to enable JTA platform integration)
2024-02-18T21:46:12.191-05:00  INFO 24148 --- [main] j.LocalContainerEntityManagerFactoryBean : Initialized JPA EntityManagerFactory for persistence unit 'default'
2024-02-18T21:46:12.654-05:00  INFO 24148 --- [main] o.s.d.j.r.query.QueryEnhancerFactory     : Hibernate is in classpath; If applicable, HQL parser will be used.
2024-02-18T21:46:13.276-05:00  WARN 24148 --- [main] JpaBaseConfiguration$JpaWebConfiguration : spring.jpa.open-in-view is enabled by default. Therefore, database queries may be performed during view rendering. Explicitly configure spring.jpa.open-in-view to disable this warning
2024-02-18T21:46:13.428-05:00  INFO 24148 --- [main] o.s.b.a.w.s.WelcomePageHandlerMapping    : Adding welcome page template: index
2024-02-18T21:46:13.662-05:00  INFO 24148 --- [main] o.s.b.w.embedded.tomcat.TomcatWebServer  : Tomcat started on port(s): 8080 (http) with context path ''
2024-02-18T21:46:13.668-05:00  INFO 24148 --- [main] c.c.s.SpringbootJpaApplication           : Started SpringbootJpaApplication in 7.217 seconds (process running for 8.141)
2024-02-18T21:46:13.733-05:00  INFO 24148 --- [http-nio-8080-exec-1] o.a.c.c.C.[Tomcat].[localhost].[/]       : Initializing Spring DispatcherServlet 'dispatcherServlet'
2024-02-18T21:46:13.733-05:00  INFO 24148 --- [http-nio-8080-exec-1] o.s.web.servlet.DispatcherServlet        : Initializing Servlet 'dispatcherServlet'
2024-02-18T21:46:13.734-05:00  INFO 24148 --- [http-nio-8080-exec-1] o.s.web.servlet.DispatcherServlet        : Completed initialization in 1 ms
2024-02-18T21:50:43.160-05:00  INFO 24148 --- [SpringApplicationShutdownHook] j.LocalContainerEntityManagerFactoryBean : Closing JPA EntityManagerFactory for persistence unit 'default'
2024-02-18T21:50:43.163-05:00  INFO 24148 --- [SpringApplicationShutdownHook] com.zaxxer.hikari.HikariDataSource       : HikariPool-1 - Shutdown initiated...
2024-02-18T21:50:43.167-05:00  INFO 24148 --- [SpringApplicationShutdownHook] com.zaxxer.hikari.HikariDataSource       : HikariPool-1 - Shutdown completed.
2024-02-18T21:52:39.145-05:00  INFO 2240 --- [main] c.c.s.SpringbootJpaApplication           : Starting SpringbootJpaApplication using Java 21.0.1 with PID 2240 (C:\Users\chada\Downloads\Tutorials\JAVA Tutorials\SpringbootJPA\target\classes started by ChennaKesavaReddy in C:\Users\chada\Downloads\Tutorials\JAVA Tutorials\SpringbootJPA)
2024-02-18T21:52:39.148-05:00  INFO 2240 --- [main] c.c.s.SpringbootJpaApplication           : No active profile set, falling back to 1 default profile: "default"
2024-02-18T21:52:39.707-05:00  INFO 2240 --- [main] .s.d.r.c.RepositoryConfigurationDelegate : Bootstrapping Spring Data JPA repositories in DEFAULT mode.
2024-02-18T21:52:39.758-05:00  INFO 2240 --- [main] .s.d.r.c.RepositoryConfigurationDelegate : Finished Spring Data repository scanning in 43 ms. Found 1 JPA repository interfaces.
2024-02-18T21:52:40.314-05:00  INFO 2240 --- [main] o.s.b.w.embedded.tomcat.TomcatWebServer  : Tomcat initialized with port(s): 8080 (http)
2024-02-18T21:52:40.322-05:00  INFO 2240 --- [main] o.apache.catalina.core.StandardService   : Starting service [Tomcat]
2024-02-18T21:52:40.323-05:00  INFO 2240 --- [main] o.apache.catalina.core.StandardEngine    : Starting Servlet engine: [Apache Tomcat/10.1.15]
2024-02-18T21:52:40.531-05:00  INFO 2240 --- [main] org.apache.jasper.servlet.TldScanner     : At least one JAR was scanned for TLDs yet contained no TLDs. Enable debug logging for this logger for a complete list of JARs that were scanned but no TLDs were found in them. Skipping unneeded JARs during scanning can improve startup time and JSP compilation time.
2024-02-18T21:52:40.536-05:00  INFO 2240 --- [main] o.a.c.c.C.[Tomcat].[localhost].[/]       : Initializing Spring embedded WebApplicationContext
2024-02-18T21:52:40.537-05:00  INFO 2240 --- [main] w.s.c.ServletWebServerApplicationContext : Root WebApplicationContext: initialization completed in 1339 ms
2024-02-18T21:52:40.661-05:00  INFO 2240 --- [main] com.zaxxer.hikari.HikariDataSource       : HikariPool-1 - Starting...
2024-02-18T21:52:40.833-05:00  INFO 2240 --- [main] com.zaxxer.hikari.pool.HikariPool        : HikariPool-1 - Added connection org.postgresql.jdbc.PgConnection@4aebee4b
2024-02-18T21:52:40.835-05:00  INFO 2240 --- [main] com.zaxxer.hikari.HikariDataSource       : HikariPool-1 - Start completed.
2024-02-18T21:52:40.877-05:00  INFO 2240 --- [main] o.hibernate.jpa.internal.util.LogHelper  : HHH000204: Processing PersistenceUnitInfo [name: default]
2024-02-18T21:52:40.933-05:00  INFO 2240 --- [main] org.hibernate.Version                    : HHH000412: Hibernate ORM core version 6.2.13.Final
2024-02-18T21:52:40.936-05:00  INFO 2240 --- [main] org.hibernate.cfg.Environment            : HHH000406: Using bytecode reflection optimizer
2024-02-18T21:52:41.226-05:00  INFO 2240 --- [main] o.s.o.j.p.SpringPersistenceUnitInfo      : No LoadTimeWeaver setup: ignoring JPA class transformer
2024-02-18T21:52:41.280-05:00  WARN 2240 --- [main] org.hibernate.orm.deprecation            : HHH90000025: PostgreSQLDialect does not need to be specified explicitly using 'hibernate.dialect' (remove the property setting and it will be selected by default)
2024-02-18T21:52:42.079-05:00  INFO 2240 --- [main] o.h.e.t.j.p.i.JtaPlatformInitiator       : HHH000489: No JTA platform available (set 'hibernate.transaction.jta.platform' to enable JTA platform integration)
2024-02-18T21:52:42.082-05:00  INFO 2240 --- [main] j.LocalContainerEntityManagerFactoryBean : Initialized JPA EntityManagerFactory for persistence unit 'default'
2024-02-18T21:52:42.310-05:00  INFO 2240 --- [main] o.s.d.j.r.query.QueryEnhancerFactory     : Hibernate is in classpath; If applicable, HQL parser will be used.
2024-02-18T21:52:42.767-05:00  WARN 2240 --- [main] JpaBaseConfiguration$JpaWebConfiguration : spring.jpa.open-in-view is enabled by default. Therefore, database queries may be performed during view rendering. Explicitly configure spring.jpa.open-in-view to disable this warning
2024-02-18T21:52:42.903-05:00  INFO 2240 --- [main] o.s.b.a.w.s.WelcomePageHandlerMapping    : Adding welcome page template: index
2024-02-18T21:52:43.098-05:00  INFO 2240 --- [main] o.s.b.w.embedded.tomcat.TomcatWebServer  : Tomcat started on port(s): 8080 (http) with context path ''
2024-02-18T21:52:43.104-05:00  INFO 2240 --- [main] c.c.s.SpringbootJpaApplication           : Started SpringbootJpaApplication in 4.412 seconds (process running for 5.126)
2024-02-18T21:52:51.132-05:00  INFO 2240 --- [http-nio-8080-exec-1] o.a.c.c.C.[Tomcat].[localhost].[/]       : Initializing Spring DispatcherServlet 'dispatcherServlet'
2024-02-18T21:52:51.133-05:00  INFO 2240 --- [http-nio-8080-exec-1] o.s.web.servlet.DispatcherServlet        : Initializing Servlet 'dispatcherServlet'
2024-02-18T21:52:51.134-05:00  INFO 2240 --- [http-nio-8080-exec-1] o.s.web.servlet.DispatcherServlet        : Completed initialization in 1 ms
